[ 2023-08-05 18:22:33,804 ] 28 root - INFO - Data Ingestion methods Starts
[ 2023-08-05 18:22:35,780 ] 31 root - INFO - Dataset read as pandas Dataframe
[ 2023-08-05 18:22:36,047 ] 35 root - INFO - Train test split
[ 2023-08-05 18:22:36,331 ] 41 root - INFO - Ingestion of Data is completed
[ 2023-08-05 18:22:36,536 ] 17 root - INFO - Data Cleaning as started
[ 2023-08-05 18:22:38,692 ] 38 root - INFO - data cleaning ended
[ 2023-08-05 18:22:38,694 ] 17 root - INFO - Data Cleaning as started
[ 2023-08-05 18:22:39,577 ] 38 root - INFO - data cleaning ended
[ 2023-08-05 18:22:39,577 ] 46 root - INFO - Distance calculation started
[ 2023-08-05 18:22:43,202 ] 74 root - INFO - distance calculation ended
[ 2023-08-05 18:22:43,203 ] 46 root - INFO - Distance calculation started
[ 2023-08-05 18:22:45,008 ] 74 root - INFO - distance calculation ended
[ 2023-08-05 18:22:45,026 ] 74 root - INFO - Read train and test data completed
[ 2023-08-05 18:22:45,042 ] 75 root - INFO - Train Dataframe Head : 
   Delivery_person_Age  Delivery_person_Ratings  Restaurant_latitude  Restaurant_longitude  Delivery_location_latitude  Delivery_location_longitude Weather_conditions Road_traffic_density  Vehicle_condition Type_of_order   Type_of_vehicle  multiple_deliveries Festival           City  Time_taken (min)   day_quaters   distance
0                 35.0                      4.6             0.000000              0.000000                    0.070000                     0.070000              Windy               Medium                  1        Drinks           scooter                  1.0       No  Metropolitian                26     afternoon  11.007735
1                 38.0                      4.7            23.374989             85.335486                   23.414989                    85.375486         Sandstorms                 High                  2        Buffet        motorcycle                  1.0       No  Metropolitian                29  late morning   6.037116
2                 36.0                      4.8            17.424114             78.347554                   17.554114                    78.477554             Stormy                  Low                  2        Drinks  electric_scooter                  0.0       No          Urban                17         night  19.976028
3                 27.0                      5.0            22.695207             75.866059                   22.735207                    75.906059             Stormy               Medium                  2        Drinks        motorcycle                  0.0       No  Metropolitian                24     afternoon   6.051109
4                 38.0                      4.7            22.514119             88.362504                   22.604119                    88.452504             Cloudy                  Jam                  0         Snack        motorcycle                  1.0       No  Metropolitian                46         night  13.622111
[ 2023-08-05 18:22:45,045 ] 76 root - INFO - Test Dataframe Head  : 
   Delivery_person_Age  Delivery_person_Ratings  Restaurant_latitude  Restaurant_longitude  Delivery_location_latitude  Delivery_location_longitude Weather_conditions Road_traffic_density  Vehicle_condition Type_of_order Type_of_vehicle  multiple_deliveries Festival           City  Time_taken (min) day_quaters   distance
0                 32.0                      4.1            25.450329             81.834279                   25.500329                    81.884279         Sandstorms               Medium                  0         Snack      motorcycle                  1.0       No  Metropolitian                33   afternoon   7.490187
1                 32.0                      4.9            12.326356             76.619103                   12.336356                    76.629103              Windy                  Low                  1         Snack      motorcycle                  1.0       No  Metropolitian                28     morning   1.554499
2                 23.0                      4.5             0.000000              0.000000                    0.070000                     0.070000              Sunny                  Jam                  2         Snack         scooter                  1.0       No  Metropolitian                22       night  11.007735
3                 22.0                      4.5            26.956431             75.776649                   26.986431                    75.806649             Stormy                  Low                  0         Snack      motorcycle                  1.0       No  Metropolitian                25       night   4.468412
4                 29.0                      4.9            12.308500             76.665808                   12.438500                    76.795808             Cloudy                  Jam                  0        Drinks      motorcycle                  1.0       No  Metropolitian                35       night  20.206901
[ 2023-08-05 18:22:45,045 ] 78 root - INFO - Obtaining preprocessing object
[ 2023-08-05 18:22:45,045 ] 53 root - INFO - data pipeline completed
[ 2023-08-05 18:22:45,122 ] 106 root - INFO - Preprocessor pickle file saved
[ 2023-08-05 18:22:45,124 ] 26 root - INFO - Splitting Dependent and Independent variables from train and test data
[ 2023-08-05 18:22:45,189 ] 44 root - INFO - Model Report : {'LinearRegression': 0.5261991939815072, 'Lasso': 0.36807465420137175, 'Ridge': 0.4484104990300899, 'Elasticnet': 0.36449543998980427}
[ 2023-08-05 18:22:45,191 ] 57 root - INFO - Best Model Found , Model Name : LinearRegression , R2 Score : 0.5261991939815072
