[ 2023-07-04 23:22:13,228 ] 27 root - INFO - Data Ingestion methods Starts
[ 2023-07-04 23:22:14,658 ] 30 root - INFO - Dataset read as pandas Dataframe
[ 2023-07-04 23:22:15,006 ] 34 root - INFO - Train test split
[ 2023-07-04 23:22:15,340 ] 40 root - INFO - Ingestion of Data is completed
[ 2023-07-04 23:22:15,470 ] 65 root - INFO - Index(['ID', 'Delivery_person_ID', 'Delivery_person_Age',
       'Delivery_person_Ratings', 'Restaurant_latitude',
       'Restaurant_longitude', 'Delivery_location_latitude',
       'Delivery_location_longitude', 'Order_Date', 'Time_Orderd',
       'Time_Order_picked', 'Weather_conditions', 'Road_traffic_density',
       'Vehicle_condition', 'Type_of_order', 'Type_of_vehicle',
       'multiple_deliveries', 'Festival', 'City', 'Time_taken (min)'],
      dtype='object')
[ 2023-07-04 23:22:15,473 ] 66 root - INFO -            ID Delivery_person_ID  Delivery_person_Age  Delivery_person_Ratings  ...  multiple_deliveries  Festival           City  Time_taken (min)
0      0x5533   RANCHIRES12DEL01                 35.0                      4.6  ...                  1.0        No  Metropolitian                26
1       0xfe5   RANCHIRES13DEL01                 38.0                      4.7  ...                  1.0        No  Metropolitian                29
2      0x190e      HYDRES07DEL02                 36.0                      4.8  ...                  0.0        No          Urban                17
3      0xab78     INDORES01DEL01                 27.0                      5.0  ...                  0.0        No  Metropolitian                24
4      0xcd9c      KOLRES20DEL03                 38.0                      4.7  ...                  1.0        No  Metropolitian                46
...       ...                ...                  ...                      ...  ...                  ...       ...            ...               ...
31903  0x7f61      VADRES09DEL02                 28.0                      4.9  ...                  1.0        No  Metropolitian                22
31904  0xb217      SURRES07DEL03                 29.0                      4.9  ...                  1.0        No  Metropolitian                20
31905  0x91b2     PUNERES03DEL02                 24.0                      4.3  ...                  0.0        No  Metropolitian                15
31906  0x1a29      MUMRES20DEL01                 27.0                      4.4  ...                  1.0        No  Metropolitian                33
31907  0xa80a     CHENRES04DEL02                 32.0                      3.6  ...                  1.0        No  Metropolitian                40

[31908 rows x 20 columns]
[ 2023-07-04 23:22:15,489 ] 67 root - INFO -            ID Delivery_person_ID  Delivery_person_Age  Delivery_person_Ratings  ...  multiple_deliveries  Festival           City  Time_taken (min)
0      0xcfcd      ALHRES08DEL02                 32.0                      4.1  ...                  1.0        No  Metropolitian                33
1      0x4f03      MYSRES17DEL01                 32.0                      4.9  ...                  1.0        No  Metropolitian                28
2      0xc48b      DEHRES01DEL01                 23.0                      4.5  ...                  1.0        No  Metropolitian                22
3      0x277c      JAPRES20DEL03                 22.0                      4.5  ...                  1.0        No  Metropolitian                25
4      0x5097      MYSRES04DEL02                 29.0                      4.9  ...                  1.0        No  Metropolitian                35
...       ...                ...                  ...                      ...  ...                  ...       ...            ...               ...
13671  0xd271      KOLRES18DEL01                 30.0                      4.6  ...                  0.0        No  Metropolitian                24
13672  0x59e2    COIMBRES18DEL02                 34.0                      4.6  ...                  0.0        No  Metropolitian                19
13673  0x937d      MUMRES13DEL03                 37.0                      4.9  ...                  0.0        No  Metropolitian                38
13674  0xa9d8   RANCHIRES07DEL02                 38.0                      4.0  ...                  1.0        No  Metropolitian                36
13675  0x11b0      JAPRES04DEL03                 37.0                      4.8  ...                  0.0        No  Metropolitian                29

[13676 rows x 20 columns]
[ 2023-07-04 23:22:15,505 ] 69 root - INFO - 9
[ 2023-07-04 23:22:15,505 ] 17 root - INFO - Data Cleaning as started
[ 2023-07-04 23:22:18,035 ] 70 root - INFO -        Delivery_person_Age  Delivery_person_Ratings  Restaurant_latitude  ...           City  Time_taken (min)   day_quaters
0                     35.0                      4.6             0.000000  ...  Metropolitian                26     afternoon
1                     38.0                      4.7            23.374989  ...  Metropolitian                29  late morning
2                     36.0                      4.8            17.424114  ...          Urban                17         night
3                     27.0                      5.0            22.695207  ...  Metropolitian                24     afternoon
4                     38.0                      4.7            22.514119  ...  Metropolitian                46         night
...                    ...                      ...                  ...  ...            ...               ...           ...
31903                 28.0                      4.9             0.000000  ...  Metropolitian                22  late morning
31904                 29.0                      4.9            21.170798  ...  Metropolitian                20         night
31905                 24.0                      4.3            18.554382  ...  Metropolitian                15         night
31906                 27.0                      4.4            19.103249  ...  Metropolitian                33     afternoon
31907                 32.0                      3.6            13.029780  ...  Metropolitian                40         night

[28989 rows x 16 columns]
[ 2023-07-04 23:22:18,055 ] 17 root - INFO - Data Cleaning as started
[ 2023-07-04 23:22:18,058 ] 40 root - INFO - Exception in data cleaning
[ 2023-07-04 23:22:18,058 ] 72 root - INFO - None
[ 2023-07-04 23:22:18,058 ] 45 root - INFO - Distance calculation started
[ 2023-07-04 23:22:18,058 ] 75 root - INFO - Exception raised in distance calculation
[ 2023-07-04 23:22:18,058 ] 17 root - INFO - Data Cleaning as started
[ 2023-07-04 23:22:19,130 ] 45 root - INFO - Distance calculation started
[ 2023-07-04 23:22:20,955 ] 80 root - INFO -        Delivery_person_Age  Delivery_person_Ratings  Restaurant_latitude  ...  Time_taken (min)  day_quaters   distance
0                     32.0                      4.1            25.450329  ...                33    afternoon   7.490187
1                     32.0                      4.9            12.326356  ...                28      morning   1.554499
2                     23.0                      4.5             0.000000  ...                22        night  11.007735
3                     22.0                      4.5            26.956431  ...                25        night   4.468412
4                     29.0                      4.9            12.308500  ...                35        night  20.206901
...                    ...                      ...                  ...  ...               ...          ...        ...
13671                 30.0                      4.6            22.569367  ...                24        night        NaN
13672                 34.0                      4.6            11.020910  ...                19        night        NaN
13673                 37.0                      4.9            19.178321  ...                38        night        NaN
13674                 38.0                      4.0            23.359407  ...                36    afternoon        NaN
13675                 37.0                      4.8            26.902328  ...                29        night        NaN

[12370 rows x 17 columns]
[ 2023-07-04 23:22:20,972 ] 81 root - INFO - Read train and test data completed
[ 2023-07-04 23:22:20,972 ] 123 root - INFO - Exception occured in the initiate_datatransformation
